#
# There is insufficient memory for the Java Runtime Environment to continue.
# Native memory allocation (malloc) failed to allocate 1048576 bytes for AllocateHeap
# Possible reasons:
#   The system is out of physical RAM or swap space
#   The process is running with CompressedOops enabled, and the Java Heap may be blocking the growth of the native heap
# Possible solutions:
#   Reduce memory load on the system
#   Increase physical memory or swap space
#   Check if swap backing store is full
#   Decrease Java heap size (-Xmx/-Xms)
#   Decrease number of Java threads
#   Decrease Java thread stack sizes (-Xss)
#   Set larger code cache with -XX:ReservedCodeCacheSize=
#   JVM is running with Unscaled Compressed Oops mode in which the Java heap is
#     placed in the first 4GB address space. The Java Heap base address is the
#     maximum limit for the native heap growth. Please use -XX:HeapBaseMinAddress
#     to set the Java Heap base and to place the Java Heap above 4GB virtual address.
# This output file may be truncated or incomplete.
#
#  Out of Memory Error (memory/allocation.inline.hpp:61), pid=23416, tid=0x00000000000044bc
#
# JRE version:  (8.0_281-b09) (build )
# Java VM: Java HotSpot(TM) 64-Bit Server VM (25.281-b09 mixed mode windows-amd64 compressed oops)
# Failed to write core dump. Minidumps are not enabled by default on client versions of Windows
#

---------------  T H R E A D  ---------------

Current thread (0x00000176bf67f800):  JavaThread "Unknown thread" [_thread_in_vm, id=17596, stack(0x0000001634400000,0x0000001634500000)]

Stack: [0x0000001634400000,0x0000001634500000]
Native frames: (J=compiled Java code, j=interpreted, Vv=VM code, C=native code)
V  [jvm.dll+0x32e5b9]
V  [jvm.dll+0x275012]
V  [jvm.dll+0x275cbd]
V  [jvm.dll+0x26c6f5]
V  [jvm.dll+0x509d]
V  [jvm.dll+0x3c96ec]
V  [jvm.dll+0x3c5a67]
V  [jvm.dll+0xfcaaf]
V  [jvm.dll+0x209a1b]
V  [jvm.dll+0x2383d7]
V  [jvm.dll+0x162566]
C  [java.exe+0x2312]
C  [java.exe+0x15f54]
C  [KERNEL32.DLL+0x17034]
C  [ntdll.dll+0x52651]


---------------  P R O C E S S  ---------------

Java Threads: ( => current thread )

Other Threads:

=>0x00000176bf67f800 (exited) JavaThread "Unknown thread" [_thread_in_vm, id=17596, stack(0x0000001634400000,0x0000001634500000)]

VM state:not at safepoint (normal execution)

VM Mutex/Monitor currently owned by a thread: None

heap address: 0x0000000083200000, size: 1998 MB, Compressed Oops mode: 32-bit
Narrow klass base: 0x0000000000000000, Narrow klass shift: 3
Compressed class space size: 1073741824 Address: 0x0000000100000000

Heap:
 PSYoungGen      total 37888K, used 655K [0x00000000d6600000, 0x00000000d9000000, 0x0000000100000000)
  eden space 32768K, 2% used [0x00000000d6600000,0x00000000d66a3d80,0x00000000d8600000)
  from space 5120K, 0% used [0x00000000d8b00000,0x00000000d8b00000,0x00000000d9000000)
  to   space 5120K, 0% used [0x00000000d8600000,0x00000000d8600000,0x00000000d8b00000)
 ParOldGen       total 86016K, used 0K [0x0000000083200000, 0x0000000088600000, 0x00000000d6600000)
  object space 86016K, 0% used [0x0000000083200000,0x0000000083200000,0x0000000088600000)
 Metaspace       used 777K, capacity 4480K, committed 4480K, reserved 1056768K
  class space    used 76K, capacity 384K, committed 384K, reserved 1048576K

Card table byte_map: [0x00000176d0330000,0x00000176d0720000] byte_map_base: 0x00000176cff17000

Marking Bits: (ParMarkBitMap*) 0x0000000053776ff0
 Begin Bits: [0x00000176d09c0000, 0x00000176d28f8000)
 End Bits:   [0x00000176d28f8000, 0x00000176d4830000)

Polling page: 0x00000176bf790000

CodeCache: size=245760Kb used=328Kb max_used=328Kb free=245431Kb
 bounds [0x00000176c0f70000, 0x00000176c11e0000, 0x00000176cff70000]
 total_blobs=58 nmethods=0 adapters=38
 compilation: enabled

Compilation events (0 events):
No events

GC Heap History (0 events):
No events

Deoptimization events (0 events):
No events

Classes redefined (0 events):
No events

Internal exceptions (0 events):
No events

Events (10 events):
Event: 0.020 loading class java/lang/Short
Event: 0.020 loading class java/lang/Short done
Event: 0.020 loading class java/lang/Integer
Event: 0.020 loading class java/lang/Integer done
Event: 0.020 loading class java/lang/Long
Event: 0.020 loading class java/lang/Long done
Event: 0.020 loading class java/lang/NullPointerException
Event: 0.020 loading class java/lang/NullPointerException done
Event: 0.020 loading class java/lang/ArithmeticException
Event: 0.020 loading class java/lang/ArithmeticException done


Dynamic libraries:
0x00007ff6523d0000 - 0x00007ff652417000 	C:\Program Files\Java\jdk1.8.0_281\bin\java.exe
0x00007ff87bc90000 - 0x00007ff87be85000 	C:\WINDOWS\SYSTEM32\ntdll.dll
0x00007ff87b3c0000 - 0x00007ff87b47d000 	C:\WINDOWS\System32\KERNEL32.DLL
0x00007ff879870000 - 0x00007ff879b38000 	C:\WINDOWS\System32\KERNELBASE.dll
0x00007ff87ab20000 - 0x00007ff87abcc000 	C:\WINDOWS\System32\ADVAPI32.dll
0x00007ff87a160000 - 0x00007ff87a1fe000 	C:\WINDOWS\System32\msvcrt.dll
0x00007ff87a210000 - 0x00007ff87a2ab000 	C:\WINDOWS\System32\sechost.dll
0x00007ff87bb20000 - 0x00007ff87bc4b000 	C:\WINDOWS\System32\RPCRT4.dll
0x00007ff87b480000 - 0x00007ff87b620000 	C:\WINDOWS\System32\USER32.dll
0x00007ff879400000 - 0x00007ff879422000 	C:\WINDOWS\System32\win32u.dll
0x00007ff87a0d0000 - 0x00007ff87a0fa000 	C:\WINDOWS\System32\GDI32.dll
0x00007ff8794d0000 - 0x00007ff8795db000 	C:\WINDOWS\System32\gdi32full.dll
0x00007ff879430000 - 0x00007ff8794cd000 	C:\WINDOWS\System32\msvcp_win.dll
0x00007ff879b40000 - 0x00007ff879c40000 	C:\WINDOWS\System32\ucrtbase.dll
0x00007ff8538b0000 - 0x00007ff853b4a000 	C:\WINDOWS\WinSxS\amd64_microsoft.windows.common-controls_6595b64144ccf1df_6.0.19041.844_none_ca00b6081b84eb1d\COMCTL32.dll
0x00007ff87aa60000 - 0x00007ff87aa90000 	C:\WINDOWS\System32\IMM32.DLL
0x00007ff86d510000 - 0x00007ff86d525000 	C:\Program Files\Java\jdk1.8.0_281\jre\bin\vcruntime140.dll
0x00007ff84d330000 - 0x00007ff84d3cb000 	C:\Program Files\Java\jdk1.8.0_281\jre\bin\msvcp140.dll
0x0000000052f90000 - 0x00000000537ef000 	C:\Program Files\Java\jdk1.8.0_281\jre\bin\server\jvm.dll
0x00007ff87b2d0000 - 0x00007ff87b2d8000 	C:\WINDOWS\System32\PSAPI.DLL
0x00007ff8748e0000 - 0x00007ff8748e9000 	C:\WINDOWS\SYSTEM32\WSOCK32.dll
0x00007ff868c00000 - 0x00007ff868c27000 	C:\WINDOWS\SYSTEM32\WINMM.dll
0x00007ff87b630000 - 0x00007ff87b69b000 	C:\WINDOWS\System32\WS2_32.dll
0x00007ff86bec0000 - 0x00007ff86beca000 	C:\WINDOWS\SYSTEM32\VERSION.dll
0x00007ff877ca0000 - 0x00007ff877cb2000 	C:\WINDOWS\SYSTEM32\kernel.appcore.dll
0x00007ff86d500000 - 0x00007ff86d510000 	C:\Program Files\Java\jdk1.8.0_281\jre\bin\verify.dll
0x00007ff851e40000 - 0x00007ff851e6b000 	C:\Program Files\Java\jdk1.8.0_281\jre\bin\java.dll
0x00007ff86d4e0000 - 0x00007ff86d4f8000 	C:\Program Files\Java\jdk1.8.0_281\jre\bin\zip.dll
0x00007ff877030000 - 0x00007ff877214000 	C:\WINDOWS\SYSTEM32\dbghelp.dll
0x00007ff8797a0000 - 0x00007ff879820000 	C:\WINDOWS\System32\bcryptPrimitives.dll

VM Arguments:
jvm_args: -Dfile.encoding=UTF-8 
java_command: hotel.manager.system.HotelManagerSystem
java_class_path (initial): D:\Hotel Manager System\Hotel Manager System\build\classes
Launcher Type: SUN_STANDARD

Environment Variables:
PATH=C:\Program Files (x86)\Common Files\Oracle\Java\javapath;C:\WINDOWS\system32;C:\WINDOWS;C:\WINDOWS\System32\Wbem;C:\WINDOWS\System32\WindowsPowerShell\v1.0\;C:\WINDOWS\System32\OpenSSH\;C:\Program Files\Microsoft SQL Server\Client SDK\ODBC\170\Tools\Binn\;C:\Program Files (x86)\Microsoft SQL Server\150\Tools\Binn\;C:\Program Files\Microsoft SQL Server\150\Tools\Binn\;C:\Program Files\Microsoft SQL Server\150\DTS\Binn\;C:\Program Files (x86)\Microsoft SQL Server\150\DTS\Binn\;C:\Program Files\Azure Data Studio\bin;C:\Program Files\dotnet\;C:\Program Files\Microsoft SQL Server\130\Tools\Binn\;C:\Users\nhanr\AppData\Local\Microsoft\WindowsApps;C:\Program Files\Azure Data Studio\bin;C:\Users\nhanr\.dotnet\tools;C:\Users\nhanr\AppData\Local\Programs\Microsoft VS Code\bin;C:\Users\nhanr\AppData\Local\GitHubDesktop\bin
USERNAME=nhanr
OS=Windows_NT
PROCESSOR_IDENTIFIER=Intel64 Family 6 Model 140 Stepping 1, GenuineIntel



---------------  S Y S T E M  ---------------

OS: Windows 10.0 , 64 bit Build 19041 (10.0.19041.928)

CPU:total 8 (initial active 8) (4 cores per cpu, 2 threads per core) family 6 model 140 stepping 1, cmov, cx8, fxsr, mmx, sse, sse2, sse3, ssse3, sse4.1, sse4.2, popcnt, avx, avx2, aes, clmul, erms, 3dnowpref, lzcnt, ht, tsc, tscinvbit, bmi1, bmi2, adx

Memory: 4k page, physical 8183096k(1166872k free), swap 28310452k(5752k free)

vm_info: Java HotSpot(TM) 64-Bit Server VM (25.281-b09) for windows-amd64 JRE (1.8.0_281-b09), built on Dec  9 2020 13:54:07 by "" with MS VC++ 15.9 (VS2017)

time: Thu May  6 12:12:34 2021
timezone: SE Asia Standard Time
elapsed time: 0.029698 seconds (0d 0h 0m 0s)

